#
# A fatal error has been detected by the Java Runtime Environment:
#
#  EXCEPTION_ACCESS_VIOLATION (0xc0000005) at pc=0x0000023bf2024dc8, pid=8768, tid=27932
#
# JRE version: Java(TM) SE Runtime Environment (22.0.1+8) (build 22.0.1+8-16)
# Java VM: Java HotSpot(TM) 64-Bit Server VM (22.0.1+8-16, mixed mode, sharing, tiered, compressed oops, compressed class ptrs, g1 gc, windows-amd64)
# Problematic frame:
# j  java.lang.invoke.DirectMethodHandle$Holder.invokeVirtual(Ljava/lang/Object;Ljava/lang/Object;)Ljava/lang/Object;+10 java.base@22.0.1
#
# No core dump will be written. Minidumps are not enabled by default on client versions of Windows
#
# If you would like to submit a bug report, please visit:
#   https://bugreport.java.com/bugreport/crash.jsp
#

---------------  S U M M A R Y ------------

Command Line: -XX:+ShowCodeDetailsInExceptionMessages -agentlib:jdwp=transport=dt_socket,suspend=y,address=localhost:62525 -javaagent:C:\Users\Nikita-PC\eclipse\java-2024-06\eclipse\configuration\org.eclipse.osgi\251\0\.cp\lib\javaagent-shaded.jar -Dfile.encoding=UTF-8 -Dstdout.encoding=UTF-8 -Dstderr.encoding=UTF-8 com.bankeasy.bankeasy.BankeasyApplication

Host: 12th Gen Intel(R) Core(TM) i3-1215U, 8 cores, 23G,  Windows 11 , 64 bit Build 22621 (10.0.22621.3958)
Time: Wed Sep 18 14:19:51 2024 India Standard Time elapsed time: 205.458029 seconds (0d 0h 3m 25s)

---------------  T H R E A D  ---------------

Current thread (0x0000023bd43dfd50):  JavaThread "http-nio-8088-exec-6" daemon [_thread_in_Java, id=27932, stack(0x0000007258000000,0x0000007258100000) (1024K)]

Stack: [0x0000007258000000,0x0000007258100000],  sp=0x00000072580fba10,  free space=1006k
Native frames: (J=compiled Java code, j=interpreted, Vv=VM code, C=native code)
C  0x0000023bf2024dc8  (no source info available)

The last pc belongs to invokestatic (printed below).

siginfo: EXCEPTION_ACCESS_VIOLATION (0xc0000005), reading address 0xffffffffffffffff


Registers:
RAX=0x0000023bc95a5e40, RBX=0x0000023bc70269b8, RCX=0x0000023b86095a48, RDX=0x0000000000000002
RSP=0x00000072580fba10, RBP=0x00000072580fba68, RSI=0x0000023bd18dad68, RDI=0x0000023bcdb18070
R8 =0x0000000000000004, R9 =0x0000000000000004, R10=0x00007ff9f4c7b900, R11=0x0000023b86097808
R12=0x0000000000000000, R13=0xfffffffffffffff7, R14=0x00000072580fba88, R15=0x0000023bd43dfd50
RIP=0x0000023bf2024dc8, EFLAGS=0x0000000000010282


Register to memory mapping:

RAX=0x0000023bc95a5e40 is pointing into metadata
RBX={method} {0x0000023bc70269c0} 'linkToVirtual' '(Ljava/lang/Object;Ljava/lang/invoke/MemberName;)Ljava/lang/Object;' in 'java/lang/invoke/MethodHandle'
RCX=0x0000023b86095a48 is pointing into metadata
RDX=0x0000000000000002 is an unknown value
RSP=0x00000072580fba10 is pointing into the stack for thread: 0x0000023bd43dfd50
RBP=0x00000072580fba68 is pointing into the stack for thread: 0x0000023bd43dfd50
RSI=0x0000023bd18dad68 points into unknown readable memory: 0x88001a61ff034630 | 30 46 03 ff 61 1a 00 88
RDI=0x0000023bcdb18070 points into unknown readable memory: 0x0000001800000060 | 60 00 00 00 18 00 00 00
R8 =0x0000000000000004 is an unknown value
R9 =0x0000000000000004 is an unknown value
R10=0x00007ff9f4c7b900 jvm.dll
R11={method} {0x0000023b86097810} 'invokeVirtual' '(Ljava/lang/Object;Ljava/lang/Object;)Ljava/lang/Object;' in 'java/lang/invoke/DirectMethodHandle$Holder'
R12=0x0 is null
R13=0xfffffffffffffff7 is an unknown value
R14=0x00000072580fba88 is pointing into the stack for thread: 0x0000023bd43dfd50
R15=0x0000023bd43dfd50 is a thread

Top of Stack: (sp=0x00000072580fba10)
0x00000072580fba10:   0000023bf2009741 000000068659ccb0
0x00000072580fba20:   fffffffffffffff7 0000023b866ed03a
0x00000072580fba30:   0000000000000004 0000023b860950d0
0x00000072580fba40:   0000023bc95a5e38 00000006846a6a78
0x00000072580fba50:   0000023b86097808 0000000000000000
0x00000072580fba60:   00000072580fba90 000000068659ccb0
0x00000072580fba70:   0000023beb0c54e0 000000068e93aa20
0x00000072580fba80:   000000068659ccb0 000000068e93abb0
0x00000072580fba90:   00000072580fbae0 0000000000000076
0x00000072580fbaa0:   0000023bcabbcc38 000000068e93ad80
0x00000072580fbab0:   000000068659ccb0 000000068e93ad30
0x00000072580fbac0:   000000068e93abb0 000000068659ccb0
0x00000072580fbad0:   0000023beb0c5394 0000023bf276f098
0x00000072580fbae0:   000000068659ccb0 0000023bf26dfe8f
0x00000072580fbaf0:   0000023b86b4f988 0000000000000009
0x00000072580fbb00:   0000023b863c01a0 0000000000000000
0x00000072580fbb10:   000000068e93ad80 000000068e93ada8
0x00000072580fbb20:   0000000686e49cd0 0000000691a1c448
0x00000072580fbb30:   000000068e93ada8 000000068659ccb0
0x00000072580fbb40:   000000068e900cb0 000000068e900cb0
0x00000072580fbb50:   0000000000000000 0000000000000000
0x00000072580fbb60:   0000000000000000 0000000000000000
0x00000072580fbb70:   000000068659ccb0 000000068e900cb0
0x00000072580fbb80:   fffffffffffffff7 0000023bca626fab
0x00000072580fbb90:   0000000000000003 000000068662f5f8
0x00000072580fbba0:   000000068659ccb0 fffffffffffffff7
0x00000072580fbbb0:   0000023bca70c690 0000000000000002
0x00000072580fbbc0:   0000023bca712b88 0000000000000000
0x00000072580fbbd0:   0000000686ce1768 0000023bf26ddc4c
0x00000072580fbbe0:   00000072580fbc58 0000023bf2009741
0x00000072580fbbf0:   0000023bf2009741 000000068e900cb0
0x00000072580fbc00:   000000068659ccb0 0000000686e49cd0 

Instructions: (pc=0x0000023bf2024dc8)
0x0000023bf2024cc8:   ff d0 48 83 c4 20 ff e0 49 83 7f 08 00 0f 84 05
0x0000023bf2024cd8:   00 00 00 e9 20 c2 fd ff 4c 8b 6d c0 4c 8b 75 c8
0x0000023bf2024ce8:   4e 8d 74 f5 00 c3 48 8b 4d d0 41 0f b7 55 01 48
0x0000023bf2024cf8:   8b 49 30 6b d2 18 48 8d 4c 11 08 48 8b 19 48 8b
0x0000023bf2024d08:   5b 08 48 8b 5b 08 48 8b 5b 18 80 bb 20 01 00 00
0x0000023bf2024d18:   05 0f 84 0d 00 00 00 4c 3b bb 30 01 00 00 0f 85
0x0000023bf2024d28:   63 fe ff ff 0f b6 51 15 48 8b 19 4c 89 6d c0 44
0x0000023bf2024d38:   8b ea 0f b6 51 14 49 ba 00 b9 c7 f4 f9 7f 00 00
0x0000023bf2024d48:   49 8b 14 d2 52 41 8b d5 4c 8b 6d c0 48 8b 45 d8
0x0000023bf2024d58:   48 85 c0 0f 84 12 00 00 00 48 83 40 08 01 48 83
0x0000023bf2024d68:   58 08 00 48 83 c0 10 48 89 45 d8 48 8b 45 d8 48
0x0000023bf2024d78:   85 c0 0f 84 3d 01 00 00 80 78 f0 0a 0f 85 33 01
0x0000023bf2024d88:   00 00 48 83 c0 08 4c 8b 68 f8 41 83 ed 00 41 83
0x0000023bf2024d98:   fd 02 0f 8c 12 01 00 00 4c 8b 6b 08 45 0f b7 6d
0x0000023bf2024da8:   2e 4c 2b 28 41 83 ed 01 4e 8b 6c ec 08 4d 85 ed
0x0000023bf2024db8:   75 0e f6 40 08 01 75 58 f0 48 83 48 08 01 eb 50
0x0000023bf2024dc8:   45 8b 6d 08 49 ba 00 00 00 86 3b 02 00 00 4d 03
0x0000023bf2024dd8:   ea 4d 8b d5 4c 33 68 08 49 f7 c5 fc ff ff ff 74
0x0000023bf2024de8:   2f 41 f6 c5 02 75 29 48 83 78 08 00 74 1e 48 83
0x0000023bf2024df8:   78 08 01 74 17 4d 8b ea 4c 33 68 08 49 f7 c5 fc
0x0000023bf2024e08:   ff ff ff 74 0b 48 83 48 08 02 eb 04 4c 89 68 08
0x0000023bf2024e18:   48 83 c0 10 4c 8b 68 e8 41 83 ed 02 41 83 fd 02
0x0000023bf2024e28:   0f 8c 84 00 00 00 4c 8b 6b 08 45 0f b7 6d 2e 4c
0x0000023bf2024e38:   2b 28 41 83 ed 01 4e 8b 6c ec 08 4d 85 ed 75 0e
0x0000023bf2024e48:   f6 40 08 01 75 58 f0 48 83 48 08 01 eb 50 45 8b
0x0000023bf2024e58:   6d 08 49 ba 00 00 00 86 3b 02 00 00 4d 03 ea 4d
0x0000023bf2024e68:   8b d5 4c 33 68 08 49 f7 c5 fc ff ff ff 74 2f 41
0x0000023bf2024e78:   f6 c5 02 75 29 48 83 78 08 00 74 1e 48 83 78 08
0x0000023bf2024e88:   01 74 17 4d 8b ea 4c 33 68 08 49 f7 c5 fc ff ff
0x0000023bf2024e98:   ff 74 0b 48 83 48 08 02 eb 04 4c 89 68 08 48 83
0x0000023bf2024ea8:   c0 10 4c 8b 68 d8 41 83 ed 04 41 c1 e5 03 49 03
0x0000023bf2024eb8:   c5 48 89 45 d8 4c 8d 6c 24 08 49 8b cd 48 2b cd 


Stack slot to memory mapping:

stack at sp + 0 slots: 0x0000023bf2009741 is at code_begin+4801 in an Interpreter codelet
return entry points  [0x0000023bf2008480, 0x0000023bf200a680]  8704 bytes
stack at sp + 1 slots: 0x000000068659ccb0 is an oop: com.bankeasy.bankeasy.controller.AccountController 
{0x000000068659ccb0} - klass: 'com/bankeasy/bankeasy/controller/AccountController'
 - ---- fields (total size 3 words):
 - private 'accountService' 'Lcom/bankeasy/bankeasy/services/AccountService;' @12  a 'com/bankeasy/bankeasy/services/AccountServiceImpl'{0x00000006865ffb40} (0xd0cbff68)
 - private 'userService' 'Lcom/bankeasy/bankeasy/services/UserService;' @16  a 'com/bankeasy/bankeasy/services/UserServiceImpl'{0x00000006865d5b00} (0xd0cbab60)
 - private 'kycService' 'Lcom/bankeasy/bankeasy/services/KYCService;' @20  a 'com/bankeasy/bankeasy/services/KYCServiceImpl'{0x00000006865d59e8} (0xd0cbab3d)
stack at sp + 2 slots: 0xfffffffffffffff7 is an unknown value
stack at sp + 3 slots: 0x0000023b866ed03a is pointing into metadata
stack at sp + 4 slots: 0x0000000000000004 is an unknown value
stack at sp + 5 slots: 0x0000023b860950d0 is pointing into metadata
stack at sp + 6 slots: 0x0000023bc95a5e38 is pointing into metadata
stack at sp + 7 slots: 0x00000006846a6a78 is an oop: java.lang.Class 
{0x00000006846a6a78} - klass: 'java/lang/Class'
 - ---- fields (total size 14 words):
 - private volatile transient 'classRedefinedCount' 'I' @12  0 (0x00000000)
 - injected 'klass' 'J' @16  2454675082392 (0x0000023b86094c98)
 - injected 'array_klass' 'J' @24  0 (0x0000000000000000)
 - injected 'oop_size' 'I' @32  14 (0x0000000e)
 - injected 'static_oop_field_count' 'I' @36  0 (0x00000000)
 - private volatile transient 'cachedConstructor' 'Ljava/lang/reflect/Constructor;' @40  null (0x00000000)
 - private transient 'name' 'Ljava/lang/String;' @44  null (0x00000000)
 - private transient 'module' 'Ljava/lang/Module;' @48  a 'java/lang/Module'{0x000000068468f0a0} (0xd08d1e14)
 - private final 'classLoader' 'Ljava/lang/ClassLoader;' @52  null (0x00000000)
 - private transient 'classData' 'Ljava/lang/Object;' @56  null (0x00000000)
 - private transient 'packageName' 'Ljava/lang/String;' @60  null (0x00000000)
 - private final 'componentType' 'Ljava/lang/Class;' @64  null (0x00000000)
 - private volatile transient 'reflectionData' 'Ljava/lang/ref/SoftReference;' @68  null (0x00000000)
 - private volatile transient 'genericInfo' 'Lsun/reflect/generics/repository/ClassRepository;' @72  null (0x00000000)
 - private volatile transient 'enumConstants' '[Ljava/lang/Object;' @76  null (0x00000000)
 - private volatile transient 'enumConstantDirectory' 'Ljava/util/Map;' @80  null (0x00000000)
 - private volatile transient 'annotationData' 'Ljava/lang/Class$AnnotationData;' @84  null (0x00000000)
 - private volatile transient 'annotationType' 'Lsun/reflect/annotation/AnnotationType;' @88  null (0x00000000)
 - transient 'classValueMap' 'Ljava/lang/ClassValue$ClassValueMap;' @92  null (0x00000000)
 - injected 'protection_domain' 'Ljava/lang/Object;' @96  null (0x00000000)
 - injected 'signers_name' 'Ljava/lang/Object;' @100  null (0x00000000)
 - injected 'source_file' 'Ljava/lang/Object;' @104  null (0x00000000)
 - signature: Ljava/lang/invoke/DirectMethodHandle$Holder;
 - ---- static fields (0):

invokestatic  184 invokestatic  [0x0000023bf2024b40, 0x0000023bf2024ee0]  928 bytes
[MachCode]
  0x0000023bf2024b40: 4883 ec08 | c5fa 1104 | 24eb 1f48 | 83ec 10c5 | fb11 0424 | eb14 4883 | ec10 4889 | 0424 48c7 
  0x0000023bf2024b60: 4424 0800 | 0000 00eb | 0150 488b | 4dd0 410f | b755 0148 | 8b49 306b | d218 488d | 4c11 080f 
  0x0000023bf2024b80: b659 1681 | fbb8 0000 | 000f 8474 | 0100 00bb | b800 0000 | e805 0000 | 00e9 5001 | 0000 488b 
  0x0000023bf2024ba0: d348 8d44 | 2408 4c89 | 6dc0 498b | cfc5 f877 | 4989 afb0 | 0300 0049 | 8987 a003 | 0000 4883 
  0x0000023bf2024bc0: ec20 40f6 | c40f 0f84 | 1900 0000 | 4883 ec08 | 48b8 30ce | 3df4 f97f | 0000 ffd0 | 4883 c408 
  0x0000023bf2024be0: e90c 0000 | 0048 b830 | ce3d f4f9 | 7f00 00ff | d048 83c4 | 2049 c787 | a003 0000 | 0000 0000 
  0x0000023bf2024c00: 49c7 87b0 | 0300 0000 | 0000 0049 | c787 a803 | 0000 0000 | 0000 c5f8 | 7741 8b8f | 3405 0000 
  0x0000023bf2024c20: f6c1 010f | 8442 0000 | 00f6 c102 | 0f85 3900 | 0000 4883 | ec20 40f6 | c40f 0f84 | 1900 0000 
  0x0000023bf2024c40: 4883 ec08 | 48b8 6078 | 3df4 f97f | 0000 ffd0 | 4883 c408 | e90c 0000 | 0048 b860 | 783d f4f9 
  0x0000023bf2024c60: 7f00 00ff | d048 83c4 | 20ff e049 | 8b8f e005 | 0000 4885 | c90f 8455 | 0000 008b | 899c 0000 
  0x0000023bf2024c80: 0083 f901 | 0f85 4600 | 0000 498b | 8fe0 0500 | 008b 89a0 | 0000 0048 | 83ec 2040 | f6c4 0f0f 
  0x0000023bf2024ca0: 8419 0000 | 0048 83ec | 0848 b850 | 783d f4f9 | 7f00 00ff | d048 83c4 | 08e9 0c00 | 0000 48b8 
  0x0000023bf2024cc0: 5078 3df4 | f97f 0000 | ffd0 4883 | c420 ffe0 | 4983 7f08 | 000f 8405 | 0000 00e9 | 20c2 fdff 
  0x0000023bf2024ce0: 4c8b 6dc0 | 4c8b 75c8 | 4e8d 74f5 | 00c3 488b | 4dd0 410f | b755 0148 | 8b49 306b | d218 488d 
  0x0000023bf2024d00: 4c11 0848 | 8b19 488b | 5b08 488b | 5b08 488b | 5b18 80bb | 2001 0000 | 050f 840d | 0000 004c 
  0x0000023bf2024d20: 3bbb 3001 | 0000 0f85 | 63fe ffff | 0fb6 5115 | 488b 194c | 896d c044 | 8bea 0fb6 | 5114 49ba 
  0x0000023bf2024d40: 00b9 c7f4 | f97f 0000 | 498b 14d2 | 5241 8bd5 | 4c8b 6dc0 | 488b 45d8 | 4885 c00f | 8412 0000 
  0x0000023bf2024d60: 0048 8340 | 0801 4883 | 5808 0048 | 83c0 1048 | 8945 d848 | 8b45 d848 | 85c0 0f84 | 3d01 0000 
  0x0000023bf2024d80: 8078 f00a | 0f85 3301 | 0000 4883 | c008 4c8b | 68f8 4183 | ed00 4183 | fd02 0f8c | 1201 0000 
  0x0000023bf2024da0: 4c8b 6b08 | 450f b76d | 2e4c 2b28 | 4183 ed01 | 4e8b 6cec | 084d 85ed | 750e f640 | 0801 7558 
  0x0000023bf2024dc0: f048 8348 | 0801 eb50 | 458b 6d08 | 49ba 0000 | 0086 3b02 | 0000 4d03 | ea4d 8bd5 | 4c33 6808 
  0x0000023bf2024de0: 49f7 c5fc | ffff ff74 | 2f41 f6c5 | 0275 2948 | 8378 0800 | 741e 4883 | 7808 0174 | 174d 8bea 
  0x0000023bf2024e00: 4c33 6808 | 49f7 c5fc | ffff ff74 | 0b48 8348 | 0802 eb04 | 4c89 6808 | 4883 c010 | 4c8b 68e8 
  0x0000023bf2024e20: 4183 ed02 | 4183 fd02 | 0f8c 8400 | 0000 4c8b | 6b08 450f | b76d 2e4c | 2b28 4183 | ed01 4e8b 
  0x0000023bf2024e40: 6cec 084d | 85ed 750e | f640 0801 | 7558 f048 | 8348 0801 | eb50 458b | 6d08 49ba | 0000 0086 
  0x0000023bf2024e60: 3b02 0000 | 4d03 ea4d | 8bd5 4c33 | 6808 49f7 | c5fc ffff | ff74 2f41 | f6c5 0275 | 2948 8378 
  0x0000023bf2024e80: 0800 741e | 4883 7808 | 0174 174d | 8bea 4c33 | 6808 49f7 | c5fc ffff | ff74 0b48 | 8348 0802 
  0x0000023bf2024ea0: eb04 4c89 | 6808 4883 | c010 4c8b | 68d8 4183 | ed04 41c1 | e503 4903 | c548 8945 | d84c 8d6c 
  0x0000023bf2024ec0: 2408 498b | cd48 2bcd | 48c1 f903 | 4889 4df0 | 4180 bfe8 | 0500 0000 | 7403 ff63 | 38ff 6350 
[/MachCode]

---------------  P R O C E S S  ---------------

Threads class SMR info:
_java_thread_list=0x0000023bcbd30a30, length=31, elements={
0x0000023bfe011160, 0x0000023bfe0128d0, 0x0000023bfe016b60, 0x0000023bfe01a940,
0x0000023bfe01c500, 0x0000023bfe021bd0, 0x0000023bfe024010, 0x0000023bcb031250,
0x0000023bcb0d1400, 0x0000023bcb25a820, 0x0000023bcb1eecf0, 0x0000023bcb1f1710,
0x0000023bcbc327f0, 0x0000023bcb0188f0, 0x0000023bcf6924a0, 0x0000023bd1ae01d0,
0x0000023bce137f30, 0x0000023bce1385c0, 0x0000023bd43e3860, 0x0000023bd43df030,
0x0000023bd43df6c0, 0x0000023bd43e03e0, 0x0000023bd43e0a70, 0x0000023bd43dfd50,
0x0000023bd43de9a0, 0x0000023bd43e1e20, 0x0000023bd43e2b40, 0x0000023bd43e24b0,
0x0000023bd43e31d0, 0x0000023bd43e3ef0, 0x0000023bd43e4580
}

Java Threads: ( => current thread )
  0x0000023bfe011160 JavaThread "Reference Handler"          daemon [_thread_blocked, id=11816, stack(0x0000007255c00000,0x0000007255d00000) (1024K)]
  0x0000023bfe0128d0 JavaThread "Finalizer"                  daemon [_thread_blocked, id=12780, stack(0x0000007255d00000,0x0000007255e00000) (1024K)]
  0x0000023bfe016b60 JavaThread "Signal Dispatcher"          daemon [_thread_blocked, id=12024, stack(0x0000007255e00000,0x0000007255f00000) (1024K)]
  0x0000023bfe01a940 JavaThread "Attach Listener"            daemon [_thread_blocked, id=16996, stack(0x0000007255f00000,0x0000007256000000) (1024K)]
  0x0000023bfe01c500 JavaThread "Service Thread"             daemon [_thread_blocked, id=10720, stack(0x0000007256000000,0x0000007256100000) (1024K)]
  0x0000023bfe021bd0 JavaThread "Monitor Deflation Thread"   daemon [_thread_blocked, id=28336, stack(0x0000007256100000,0x0000007256200000) (1024K)]
  0x0000023bfe024010 JavaThread "C2 CompilerThread0"         daemon [_thread_blocked, id=5076, stack(0x0000007256200000,0x0000007256300000) (1024K)]
  0x0000023bcb031250 JavaThread "C1 CompilerThread0"         daemon [_thread_blocked, id=21748, stack(0x0000007256300000,0x0000007256400000) (1024K)]
  0x0000023bcb0d1400 JavaThread "Common-Cleaner"             daemon [_thread_blocked, id=13580, stack(0x0000007256400000,0x0000007256500000) (1024K)]
  0x0000023bcb25a820 JavaThread "JDWP Transport Listener: dt_socket" daemon [_thread_blocked, id=5212, stack(0x0000007256700000,0x0000007256800000) (1024K)]
  0x0000023bcb1eecf0 JavaThread "JDWP Event Helper Thread"   daemon [_thread_blocked, id=19096, stack(0x0000007256800000,0x0000007256900000) (1024K)]
  0x0000023bcb1f1710 JavaThread "JDWP Command Reader"        daemon [_thread_in_native, id=17100, stack(0x0000007256900000,0x0000007256a00000) (1024K)]
  0x0000023bcbc327f0 JavaThread "Notification Thread"        daemon [_thread_blocked, id=672, stack(0x0000007256b00000,0x0000007256c00000) (1024K)]
  0x0000023bcb0188f0 JavaThread "Catalina-utility-1"                [_thread_blocked, id=12660, stack(0x0000007257300000,0x0000007257400000) (1024K)]
  0x0000023bcf6924a0 JavaThread "Catalina-utility-2"                [_thread_blocked, id=10180, stack(0x0000007257400000,0x0000007257500000) (1024K)]
  0x0000023bd1ae01d0 JavaThread "container-0"                       [_thread_blocked, id=12792, stack(0x0000007257600000,0x0000007257700000) (1024K)]
  0x0000023bce137f30 JavaThread "PostgreSQL-JDBC-Cleaner"    daemon [_thread_blocked, id=16748, stack(0x0000007257800000,0x0000007257900000) (1024K)]
  0x0000023bce1385c0 JavaThread "HikariPool-1 housekeeper"   daemon [_thread_blocked, id=16020, stack(0x0000007257900000,0x0000007257a00000) (1024K)]
  0x0000023bd43e3860 JavaThread "http-nio-8088-exec-1"       daemon [_thread_blocked, id=7440, stack(0x0000007257b00000,0x0000007257c00000) (1024K)]
  0x0000023bd43df030 JavaThread "http-nio-8088-exec-2"       daemon [_thread_blocked, id=19876, stack(0x0000007257c00000,0x0000007257d00000) (1024K)]
  0x0000023bd43df6c0 JavaThread "http-nio-8088-exec-3"       daemon [_thread_blocked, id=18880, stack(0x0000007257d00000,0x0000007257e00000) (1024K)]
  0x0000023bd43e03e0 JavaThread "http-nio-8088-exec-4"       daemon [_thread_blocked, id=27924, stack(0x0000007257e00000,0x0000007257f00000) (1024K)]
  0x0000023bd43e0a70 JavaThread "http-nio-8088-exec-5"       daemon [_thread_blocked, id=13216, stack(0x0000007257f00000,0x0000007258000000) (1024K)]
=>0x0000023bd43dfd50 JavaThread "http-nio-8088-exec-6"       daemon [_thread_in_Java, id=27932, stack(0x0000007258000000,0x0000007258100000) (1024K)]
  0x0000023bd43de9a0 JavaThread "http-nio-8088-exec-7"       daemon [_thread_blocked, id=19752, stack(0x0000007258100000,0x0000007258200000) (1024K)]
  0x0000023bd43e1e20 JavaThread "http-nio-8088-exec-8"       daemon [_thread_blocked, id=11460, stack(0x0000007258200000,0x0000007258300000) (1024K)]
  0x0000023bd43e2b40 JavaThread "http-nio-8088-exec-9"       daemon [_thread_blocked, id=19304, stack(0x0000007258300000,0x0000007258400000) (1024K)]
  0x0000023bd43e24b0 JavaThread "http-nio-8088-exec-10"      daemon [_thread_blocked, id=21188, stack(0x0000007258400000,0x0000007258500000) (1024K)]
  0x0000023bd43e31d0 JavaThread "http-nio-8088-Poller"       daemon [_thread_in_native, id=1596, stack(0x0000007258500000,0x0000007258600000) (1024K)]
  0x0000023bd43e3ef0 JavaThread "http-nio-8088-Acceptor"     daemon [_thread_in_native, id=26968, stack(0x0000007258600000,0x0000007258700000) (1024K)]
  0x0000023bd43e4580 JavaThread "DestroyJavaVM"                     [_thread_blocked, id=15832, stack(0x0000007255400000,0x0000007255500000) (1024K)]
Total: 31

Other Threads:
  0x0000023bfdff5440 VMThread "VM Thread"                           [id=12292, stack(0x0000007255b00000,0x0000007255c00000) (1024K)]
  0x0000023bfdfe07f0 WatcherThread "VM Periodic Task Thread"        [id=25316, stack(0x0000007255a00000,0x0000007255b00000) (1024K)]
  0x0000023be2823d60 WorkerThread "GC Thread#0"                     [id=14964, stack(0x0000007255500000,0x0000007255600000) (1024K)]
  0x0000023bcbee6400 WorkerThread "GC Thread#1"                     [id=2520, stack(0x0000007256c00000,0x0000007256d00000) (1024K)]
  0x0000023bcbf45b90 WorkerThread "GC Thread#2"                     [id=6484, stack(0x0000007256d00000,0x0000007256e00000) (1024K)]
  0x0000023bcbf45f40 WorkerThread "GC Thread#3"                     [id=15220, stack(0x0000007256e00000,0x0000007256f00000) (1024K)]
  0x0000023bcbfcc020 WorkerThread "GC Thread#4"                     [id=6656, stack(0x0000007256f00000,0x0000007257000000) (1024K)]
  0x0000023bcbfcc780 WorkerThread "GC Thread#5"                     [id=25868, stack(0x0000007257000000,0x0000007257100000) (1024K)]
  0x0000023bcbfcc3d0 WorkerThread "GC Thread#6"                     [id=1444, stack(0x0000007257100000,0x0000007257200000) (1024K)]
  0x0000023bcbfcbc70 WorkerThread "GC Thread#7"                     [id=21704, stack(0x0000007257200000,0x0000007257300000) (1024K)]
  0x0000023be282efb0 ConcurrentGCThread "G1 Main Marker"            [id=26156, stack(0x0000007255600000,0x0000007255700000) (1024K)]
  0x0000023be282fac0 WorkerThread "G1 Conc#0"                       [id=24616, stack(0x0000007255700000,0x0000007255800000) (1024K)]
  0x0000023bcbfccb30 WorkerThread "G1 Conc#1"                       [id=9428, stack(0x0000007257500000,0x0000007257600000) (1024K)]
  0x0000023bfdeb06f0 ConcurrentGCThread "G1 Refine#0"               [id=26636, stack(0x0000007255800000,0x0000007255900000) (1024K)]
  0x0000023bfdeb1270 ConcurrentGCThread "G1 Service"                [id=26496, stack(0x0000007255900000,0x0000007255a00000) (1024K)]
Total: 15

Threads with active compile tasks:
Total: 0

VM state: not at safepoint (normal execution)

VM Mutex/Monitor currently owned by a thread: None

Heap address: 0x0000000684400000, size: 6076 MB, Compressed Oops mode: Zero based, Oop shift amount: 3

CDS archive(s) mapped at: [0x0000023b86000000-0x0000023b86c60000-0x0000023b86c60000), size 12976128, SharedBaseAddress: 0x0000023b86000000, ArchiveRelocationMode: 1.
Compressed class space mapped at: 0x0000023b87000000-0x0000023bc7000000, reserved size: 1073741824
Narrow klass base: 0x0000023b86000000, Narrow klass shift: 0, Narrow klass range: 0x41000000

GC Precious Log:
 CardTable entry size: 512
 Card Set container configuration: InlinePtr #cards 4 size 8 Array Of Cards #cards 32 size 80 Howl #buckets 8 coarsen threshold 7372 Howl Bitmap #cards 1024 size 144 coarsen threshold 921 Card regions per heap region 1 cards per card region 8192
 CPUs: 8 total, 8 available
 Memory: 24300M
 Large Page Support: Disabled
 NUMA Support: Disabled
 Compressed Oops: Enabled (Zero based)
 Heap Region Size: 4M
 Heap Min Capacity: 8M
 Heap Initial Capacity: 380M
 Heap Max Capacity: 6076M
 Pre-touch: Disabled
 Parallel Workers: 8
 Concurrent Workers: 2
 Concurrent Refinement Workers: 8
 Periodic GC: Disabled

Heap:
 garbage-first heap   total reserved 6221824K, committed 237568K, used 124690K [0x0000000684400000, 0x0000000800000000)
  region size 4096K, 27 young (110592K), 2 survivors (8192K)
 Metaspace       used 73505K, committed 74304K, reserved 1114112K
  class space    used 10091K, committed 10432K, reserved 1048576K

Heap Regions: E=young(eden), S=young(survivor), O=old, HS=humongous(starts), HC=humongous(continues), CS=collection set, F=free, TAMS=top-at-mark-start, PB=parsable bottom
|   0|0x0000000684400000, 0x0000000684800000, 0x0000000684800000|100%| O|  |TAMS 0x0000000684400000| PB 0x0000000684400000| Untracked |  0
|   1|0x0000000684800000, 0x0000000684c00000, 0x0000000684c00000|100%| O|  |TAMS 0x0000000684800000| PB 0x0000000684800000| Untracked |  0
|   2|0x0000000684c00000, 0x0000000685000000, 0x0000000685000000|100%| O|  |TAMS 0x0000000684c00000| PB 0x0000000684c00000| Untracked |  0
|   3|0x0000000685000000, 0x0000000685400000, 0x0000000685400000|100%| O|  |TAMS 0x0000000685000000| PB 0x0000000685000000| Untracked |  0
|   4|0x0000000685400000, 0x0000000685400000, 0x0000000685800000|  0%| F|  |TAMS 0x0000000685400000| PB 0x0000000685400000| Untracked |  0
|   5|0x0000000685800000, 0x0000000685c00000, 0x0000000685c00000|100%| O|  |TAMS 0x0000000685800000| PB 0x0000000685800000| Untracked |  0
|   6|0x0000000685c00000, 0x0000000685e86330, 0x0000000686000000| 63%| O|  |TAMS 0x0000000685c00000| PB 0x0000000685c00000| Untracked |  0
|   7|0x0000000686000000, 0x0000000686000000, 0x0000000686400000|  0%| F|  |TAMS 0x0000000686000000| PB 0x0000000686000000| Untracked |  0
|   8|0x0000000686400000, 0x000000068673e7a0, 0x0000000686800000| 81%| S|CS|TAMS 0x0000000686400000| PB 0x0000000686400000| Complete |  0
|   9|0x0000000686800000, 0x0000000686800000, 0x0000000686c00000|  0%| F|  |TAMS 0x0000000686800000| PB 0x0000000686800000| Untracked |  0
|  10|0x0000000686c00000, 0x0000000687000000, 0x0000000687000000|100%| S|CS|TAMS 0x0000000686c00000| PB 0x0000000686c00000| Complete |  0
|  11|0x0000000687000000, 0x0000000687000000, 0x0000000687400000|  0%| F|  |TAMS 0x0000000687000000| PB 0x0000000687000000| Untracked |  0
|  12|0x0000000687400000, 0x0000000687400000, 0x0000000687800000|  0%| F|  |TAMS 0x0000000687400000| PB 0x0000000687400000| Untracked |  0
|  13|0x0000000687800000, 0x0000000687800000, 0x0000000687c00000|  0%| F|  |TAMS 0x0000000687800000| PB 0x0000000687800000| Untracked |  0
|  14|0x0000000687c00000, 0x0000000687c00000, 0x0000000688000000|  0%| F|  |TAMS 0x0000000687c00000| PB 0x0000000687c00000| Untracked |  0
|  15|0x0000000688000000, 0x0000000688000000, 0x0000000688400000|  0%| F|  |TAMS 0x0000000688000000| PB 0x0000000688000000| Untracked |  0
|  16|0x0000000688400000, 0x0000000688400000, 0x0000000688800000|  0%| F|  |TAMS 0x0000000688400000| PB 0x0000000688400000| Untracked |  0
|  17|0x0000000688800000, 0x0000000688800000, 0x0000000688c00000|  0%| F|  |TAMS 0x0000000688800000| PB 0x0000000688800000| Untracked |  0
|  18|0x0000000688c00000, 0x0000000688c00000, 0x0000000689000000|  0%| F|  |TAMS 0x0000000688c00000| PB 0x0000000688c00000| Untracked |  0
|  19|0x0000000689000000, 0x0000000689000000, 0x0000000689400000|  0%| F|  |TAMS 0x0000000689000000| PB 0x0000000689000000| Untracked |  0
|  20|0x0000000689400000, 0x0000000689400000, 0x0000000689800000|  0%| F|  |TAMS 0x0000000689400000| PB 0x0000000689400000| Untracked |  0
|  21|0x0000000689800000, 0x0000000689800000, 0x0000000689c00000|  0%| F|  |TAMS 0x0000000689800000| PB 0x0000000689800000| Untracked |  0
|  22|0x0000000689c00000, 0x0000000689c00000, 0x000000068a000000|  0%| F|  |TAMS 0x0000000689c00000| PB 0x0000000689c00000| Untracked |  0
|  23|0x000000068a000000, 0x000000068a000000, 0x000000068a400000|  0%| F|  |TAMS 0x000000068a000000| PB 0x000000068a000000| Untracked |  0
|  24|0x000000068a400000, 0x000000068a400000, 0x000000068a800000|  0%| F|  |TAMS 0x000000068a400000| PB 0x000000068a400000| Untracked |  0
|  25|0x000000068a800000, 0x000000068a800000, 0x000000068ac00000|  0%| F|  |TAMS 0x000000068a800000| PB 0x000000068a800000| Untracked |  0
|  26|0x000000068ac00000, 0x000000068ac00000, 0x000000068b000000|  0%| F|  |TAMS 0x000000068ac00000| PB 0x000000068ac00000| Untracked |  0
|  27|0x000000068b000000, 0x000000068b000000, 0x000000068b400000|  0%| F|  |TAMS 0x000000068b000000| PB 0x000000068b000000| Untracked |  0
|  28|0x000000068b400000, 0x000000068b400000, 0x000000068b800000|  0%| F|  |TAMS 0x000000068b400000| PB 0x000000068b400000| Untracked |  0
|  29|0x000000068b800000, 0x000000068b800000, 0x000000068bc00000|  0%| F|  |TAMS 0x000000068b800000| PB 0x000000068b800000| Untracked |  0
|  30|0x000000068bc00000, 0x000000068bc00000, 0x000000068c000000|  0%| F|  |TAMS 0x000000068bc00000| PB 0x000000068bc00000| Untracked |  0
|  31|0x000000068c000000, 0x000000068c000000, 0x000000068c400000|  0%| F|  |TAMS 0x000000068c000000| PB 0x000000068c000000| Untracked |  0
|  32|0x000000068c400000, 0x000000068c400000, 0x000000068c800000|  0%| F|  |TAMS 0x000000068c400000| PB 0x000000068c400000| Untracked |  0
|  33|0x000000068c800000, 0x000000068c85c2a0, 0x000000068cc00000|  9%| E|  |TAMS 0x000000068c800000| PB 0x000000068c800000| Complete |  0
|  34|0x000000068cc00000, 0x000000068d000000, 0x000000068d000000|100%| E|CS|TAMS 0x000000068cc00000| PB 0x000000068cc00000| Complete |  0
|  35|0x000000068d000000, 0x000000068d400000, 0x000000068d400000|100%| E|CS|TAMS 0x000000068d000000| PB 0x000000068d000000| Complete |  0
|  36|0x000000068d400000, 0x000000068d800000, 0x000000068d800000|100%| E|  |TAMS 0x000000068d400000| PB 0x000000068d400000| Complete |  0
|  37|0x000000068d800000, 0x000000068dc00000, 0x000000068dc00000|100%| E|CS|TAMS 0x000000068d800000| PB 0x000000068d800000| Complete |  0
|  38|0x000000068dc00000, 0x000000068e000000, 0x000000068e000000|100%| E|CS|TAMS 0x000000068dc00000| PB 0x000000068dc00000| Complete |  0
|  39|0x000000068e000000, 0x000000068e400000, 0x000000068e400000|100%| E|CS|TAMS 0x000000068e000000| PB 0x000000068e000000| Complete |  0
|  40|0x000000068e400000, 0x000000068e800000, 0x000000068e800000|100%| E|CS|TAMS 0x000000068e400000| PB 0x000000068e400000| Complete |  0
|  41|0x000000068e800000, 0x000000068ec00000, 0x000000068ec00000|100%| E|CS|TAMS 0x000000068e800000| PB 0x000000068e800000| Complete |  0
|  42|0x000000068ec00000, 0x000000068f000000, 0x000000068f000000|100%| E|CS|TAMS 0x000000068ec00000| PB 0x000000068ec00000| Complete |  0
|  43|0x000000068f000000, 0x000000068f400000, 0x000000068f400000|100%| E|CS|TAMS 0x000000068f000000| PB 0x000000068f000000| Complete |  0
|  44|0x000000068f400000, 0x000000068f800000, 0x000000068f800000|100%| E|CS|TAMS 0x000000068f400000| PB 0x000000068f400000| Complete |  0
|  45|0x000000068f800000, 0x000000068fc00000, 0x000000068fc00000|100%| E|CS|TAMS 0x000000068f800000| PB 0x000000068f800000| Complete |  0
|  46|0x000000068fc00000, 0x0000000690000000, 0x0000000690000000|100%| E|CS|TAMS 0x000000068fc00000| PB 0x000000068fc00000| Complete |  0
|  47|0x0000000690000000, 0x0000000690400000, 0x0000000690400000|100%| E|CS|TAMS 0x0000000690000000| PB 0x0000000690000000| Complete |  0
|  48|0x0000000690400000, 0x0000000690800000, 0x0000000690800000|100%| E|CS|TAMS 0x0000000690400000| PB 0x0000000690400000| Complete |  0
|  49|0x0000000690800000, 0x0000000690c00000, 0x0000000690c00000|100%| E|CS|TAMS 0x0000000690800000| PB 0x0000000690800000| Complete |  0
|  50|0x0000000690c00000, 0x0000000691000000, 0x0000000691000000|100%| E|CS|TAMS 0x0000000690c00000| PB 0x0000000690c00000| Complete |  0
|  51|0x0000000691000000, 0x0000000691400000, 0x0000000691400000|100%| E|CS|TAMS 0x0000000691000000| PB 0x0000000691000000| Complete |  0
|  52|0x0000000691400000, 0x0000000691800000, 0x0000000691800000|100%| E|CS|TAMS 0x0000000691400000| PB 0x0000000691400000| Complete |  0
|  53|0x0000000691800000, 0x0000000691c00000, 0x0000000691c00000|100%| E|CS|TAMS 0x0000000691800000| PB 0x0000000691800000| Complete |  0
|  54|0x0000000691c00000, 0x0000000692000000, 0x0000000692000000|100%| E|CS|TAMS 0x0000000691c00000| PB 0x0000000691c00000| Complete |  0
|  55|0x0000000692000000, 0x0000000692400000, 0x0000000692400000|100%| E|CS|TAMS 0x0000000692000000| PB 0x0000000692000000| Complete |  0
|  56|0x0000000692400000, 0x0000000692800000, 0x0000000692800000|100%| E|CS|TAMS 0x0000000692400000| PB 0x0000000692400000| Complete |  0
|  94|0x000000069bc00000, 0x000000069c000000, 0x000000069c000000|100%| E|CS|TAMS 0x000000069bc00000| PB 0x000000069bc00000| Complete |  0

Card table byte_map: [0x0000023bfa9f0000,0x0000023bfb5d0000] _byte_map_base: 0x0000023bf75ce000

Marking Bits: (CMBitMap*) 0x0000023be2824470
 Bits: [0x0000023b80000000, 0x0000023b85ef0000)

Polling page: 0x0000023be1f50000

Metaspace:

Usage:
  Non-class:     61.93 MB used.
      Class:      9.86 MB used.
       Both:     71.78 MB used.

Virtual space:
  Non-class space:       64.00 MB reserved,      62.38 MB ( 97%) committed,  1 nodes.
      Class space:        1.00 GB reserved,      10.19 MB ( <1%) committed,  1 nodes.
             Both:        1.06 GB reserved,      72.56 MB (  7%) committed. 

Chunk freelists:
   Non-Class:  1.61 MB
       Class:  5.78 MB
        Both:  7.39 MB

MaxMetaspaceSize: unlimited
CompressedClassSpaceSize: 1.00 GB
Initial GC threshold: 21.00 MB
Current GC threshold: 98.44 MB
CDS: on
 - commit_granule_bytes: 65536.
 - commit_granule_words: 8192.
 - virtual_space_node_default_size: 8388608.
 - enlarge_chunks_in_place: 1.
 - use_allocation_guard: 0.


Internal statistics:

num_allocs_failed_limit: 11.
num_arena_births: 1038.
num_arena_deaths: 0.
num_vsnodes_births: 2.
num_vsnodes_deaths: 0.
num_space_committed: 1161.
num_space_uncommitted: 0.
num_chunks_returned_to_freelist: 11.
num_chunks_taken_from_freelist: 3672.
num_chunk_merges: 8.
num_chunk_splits: 2636.
num_chunks_enlarged: 2047.
num_inconsistent_stats: 0.

CodeHeap 'non-profiled nmethods': size=120000Kb used=5795Kb max_used=5795Kb free=114204Kb
 bounds [0x0000023bf25a0000, 0x0000023bf2b50000, 0x0000023bf9ad0000]
CodeHeap 'profiled nmethods': size=120000Kb used=12575Kb max_used=12575Kb free=107424Kb
 bounds [0x0000023beaad0000, 0x0000023beb720000, 0x0000023bf2000000]
CodeHeap 'non-nmethods': size=5760Kb used=1781Kb max_used=1914Kb free=3978Kb
 bounds [0x0000023bf2000000, 0x0000023bf2270000, 0x0000023bf25a0000]
 total_blobs=7190 nmethods=6446 adapters=648
 compilation: enabled
              stopped_count=0, restarted_count=0
 full_count=0

Compilation events (20 events):
Event: 174.327 Thread 0x0000023bcb031250 7236       3       java.util.concurrent.ScheduledThreadPoolExecutor$ScheduledFutureTask::isPeriodic (15 bytes)
Event: 174.327 Thread 0x0000023bcb031250 nmethod 7236 0x0000023beb713590 code [0x0000023beb713720, 0x0000023beb713888]
Event: 182.324 Thread 0x0000023bfe024010 7237       4       jdk.internal.misc.Unsafe::putReferenceOpaque (9 bytes)
Event: 182.326 Thread 0x0000023bfe024010 nmethod 7237 0x0000023bf2b48b10 code [0x0000023bf2b48c80, 0x0000023bf2b48de0]
Event: 188.322 Thread 0x0000023bcb031250 7238       3       java.util.concurrent.locks.ReentrantLock::lockInterruptibly (8 bytes)
Event: 188.323 Thread 0x0000023bcb031250 nmethod 7238 0x0000023beb713910 code [0x0000023beb713b20, 0x0000023beb7140e0]
Event: 196.316 Thread 0x0000023bcb031250 7239       3       java.util.concurrent.ScheduledThreadPoolExecutor$DelayedWorkQueue::add (9 bytes)
Event: 196.316 Thread 0x0000023bcb031250 nmethod 7239 0x0000023beb714310 code [0x0000023beb7144c0, 0x0000023beb714790]
Event: 196.316 Thread 0x0000023bcb031250 7240       3       java.util.concurrent.ScheduledThreadPoolExecutor$DelayedWorkQueue::add (6 bytes)
Event: 196.316 Thread 0x0000023bcb031250 nmethod 7240 0x0000023beb714890 code [0x0000023beb714a40, 0x0000023beb714ba8]
Event: 196.316 Thread 0x0000023bcb031250 7241   !   3       java.util.concurrent.ScheduledThreadPoolExecutor$DelayedWorkQueue::offer (123 bytes)
Event: 196.318 Thread 0x0000023bcb031250 nmethod 7241 0x0000023beb714c90 code [0x0000023beb714fa0, 0x0000023beb716398]
Event: 198.319 Thread 0x0000023bcb031250 7242       3       java.util.concurrent.ThreadPoolExecutor$Worker::unlock (7 bytes)
Event: 198.320 Thread 0x0000023bcb031250 nmethod 7242 0x0000023beb716c90 code [0x0000023beb716e40, 0x0000023beb7170b8]
Event: 199.315 Thread 0x0000023bcb031250 7243   !   3       java.util.concurrent.ThreadPoolExecutor::getTask (177 bytes)
Event: 199.316 Thread 0x0000023bcb031250 nmethod 7243 0x0000023beb717210 code [0x0000023beb7174a0, 0x0000023beb7182c8]
Event: 202.322 Thread 0x0000023bcb031250 7244       3       java.util.concurrent.ThreadPoolExecutor$Worker::lock (6 bytes)
Event: 202.323 Thread 0x0000023bcb031250 nmethod 7244 0x0000023beb718790 code [0x0000023beb718940, 0x0000023beb718a90]
Event: 202.323 Thread 0x0000023bcb031250 7245       3       java.util.concurrent.ThreadPoolExecutor$Worker::tryAcquire (20 bytes)
Event: 202.323 Thread 0x0000023bcb031250 nmethod 7245 0x0000023beb718b10 code [0x0000023beb718cc0, 0x0000023beb718f08]

GC Heap History (20 events):
Event: 6.255 GC heap before
{Heap before GC invocations=9 (full 0):
 garbage-first heap   total reserved 6221824K, committed 57344K, used 46119K [0x0000000684400000, 0x0000000800000000)
  region size 4096K, 8 young (32768K), 1 survivors (4096K)
 Metaspace       used 32553K, committed 33088K, reserved 1114112K
  class space    used 4146K, committed 4416K, reserved 1048576K
}
Event: 6.264 GC heap after
{Heap after GC invocations=10 (full 0):
 garbage-first heap   total reserved 6221824K, committed 225280K, used 19696K [0x0000000684400000, 0x0000000800000000)
  region size 4096K, 1 young (4096K), 1 survivors (4096K)
 Metaspace       used 32553K, committed 33088K, reserved 1114112K
  class space    used 4146K, committed 4416K, reserved 1048576K
}
Event: 6.860 GC heap before
{Heap before GC invocations=10 (full 0):
 garbage-first heap   total reserved 6221824K, committed 225280K, used 52464K [0x0000000684400000, 0x0000000800000000)
  region size 4096K, 10 young (40960K), 1 survivors (4096K)
 Metaspace       used 35655K, committed 36160K, reserved 1114112K
  class space    used 4529K, committed 4736K, reserved 1048576K
}
Event: 6.869 GC heap after
{Heap after GC invocations=11 (full 0):
 garbage-first heap   total reserved 6221824K, committed 225280K, used 20640K [0x0000000684400000, 0x0000000800000000)
  region size 4096K, 2 young (8192K), 2 survivors (8192K)
 Metaspace       used 35655K, committed 36160K, reserved 1114112K
  class space    used 4529K, committed 4736K, reserved 1048576K
}
Event: 7.422 GC heap before
{Heap before GC invocations=12 (full 0):
 garbage-first heap   total reserved 6221824K, committed 81920K, used 61600K [0x0000000684400000, 0x0000000800000000)
  region size 4096K, 12 young (49152K), 2 survivors (8192K)
 Metaspace       used 39211K, committed 39744K, reserved 1114112K
  class space    used 5077K, committed 5312K, reserved 1048576K
}
Event: 7.427 GC heap after
{Heap after GC invocations=13 (full 0):
 garbage-first heap   total reserved 6221824K, committed 81920K, used 21525K [0x0000000684400000, 0x0000000800000000)
  region size 4096K, 1 young (4096K), 1 survivors (4096K)
 Metaspace       used 39211K, committed 39744K, reserved 1114112K
  class space    used 5077K, committed 5312K, reserved 1048576K
}
Event: 8.229 GC heap before
{Heap before GC invocations=13 (full 0):
 garbage-first heap   total reserved 6221824K, committed 81920K, used 66581K [0x0000000684400000, 0x0000000800000000)
  region size 4096K, 12 young (49152K), 1 survivors (4096K)
 Metaspace       used 44093K, committed 44672K, reserved 1114112K
  class space    used 5790K, committed 6080K, reserved 1048576K
}
Event: 8.235 GC heap after
{Heap after GC invocations=14 (full 0):
 garbage-first heap   total reserved 6221824K, committed 81920K, used 22279K [0x0000000684400000, 0x0000000800000000)
  region size 4096K, 2 young (8192K), 2 survivors (8192K)
 Metaspace       used 44093K, committed 44672K, reserved 1114112K
  class space    used 5790K, committed 6080K, reserved 1048576K
}
Event: 8.842 GC heap before
{Heap before GC invocations=14 (full 0):
 garbage-first heap   total reserved 6221824K, committed 81920K, used 59143K [0x0000000684400000, 0x0000000800000000)
  region size 4096K, 12 young (49152K), 2 survivors (8192K)
 Metaspace       used 47953K, committed 48512K, reserved 1114112K
  class space    used 6322K, committed 6592K, reserved 1048576K
}
Event: 8.847 GC heap after
{Heap after GC invocations=15 (full 0):
 garbage-first heap   total reserved 6221824K, committed 81920K, used 24082K [0x0000000684400000, 0x0000000800000000)
  region size 4096K, 2 young (8192K), 2 survivors (8192K)
 Metaspace       used 47953K, committed 48512K, reserved 1114112K
  class space    used 6322K, committed 6592K, reserved 1048576K
}
Event: 9.224 GC heap before
{Heap before GC invocations=15 (full 0):
 garbage-first heap   total reserved 6221824K, committed 81920K, used 65042K [0x0000000684400000, 0x0000000800000000)
  region size 4096K, 12 young (49152K), 2 survivors (8192K)
 Metaspace       used 52332K, committed 52864K, reserved 1114112K
  class space    used 6983K, committed 7232K, reserved 1048576K
}
Event: 9.230 GC heap after
{Heap after GC invocations=16 (full 0):
 garbage-first heap   total reserved 6221824K, committed 81920K, used 24720K [0x0000000684400000, 0x0000000800000000)
  region size 4096K, 2 young (8192K), 2 survivors (8192K)
 Metaspace       used 52332K, committed 52864K, reserved 1114112K
  class space    used 6983K, committed 7232K, reserved 1048576K
}
Event: 9.715 GC heap before
{Heap before GC invocations=16 (full 0):
 garbage-first heap   total reserved 6221824K, committed 81920K, used 65680K [0x0000000684400000, 0x0000000800000000)
  region size 4096K, 12 young (49152K), 2 survivors (8192K)
 Metaspace       used 56345K, committed 56960K, reserved 1114112K
  class space    used 7619K, committed 7872K, reserved 1048576K
}
Event: 9.720 GC heap after
{Heap after GC invocations=17 (full 0):
 garbage-first heap   total reserved 6221824K, committed 81920K, used 25388K [0x0000000684400000, 0x0000000800000000)
  region size 4096K, 2 young (8192K), 2 survivors (8192K)
 Metaspace       used 56345K, committed 56960K, reserved 1114112K
  class space    used 7619K, committed 7872K, reserved 1048576K
}
Event: 10.287 GC heap before
{Heap before GC invocations=17 (full 0):
 garbage-first heap   total reserved 6221824K, committed 81920K, used 58156K [0x0000000684400000, 0x0000000800000000)
  region size 4096K, 11 young (45056K), 2 survivors (8192K)
 Metaspace       used 59736K, committed 60416K, reserved 1114112K
  class space    used 8126K, committed 8448K, reserved 1048576K
}
Event: 10.295 GC heap after
{Heap after GC invocations=18 (full 0):
 garbage-first heap   total reserved 6221824K, committed 81920K, used 26205K [0x0000000684400000, 0x0000000800000000)
  region size 4096K, 2 young (8192K), 2 survivors (8192K)
 Metaspace       used 59736K, committed 60416K, reserved 1114112K
  class space    used 8126K, committed 8448K, reserved 1048576K
}
Event: 10.911 GC heap before
{Heap before GC invocations=19 (full 0):
 garbage-first heap   total reserved 6221824K, committed 81920K, used 58973K [0x0000000684400000, 0x0000000800000000)
  region size 4096K, 11 young (45056K), 2 survivors (8192K)
 Metaspace       used 62986K, committed 63680K, reserved 1114112K
  class space    used 8599K, committed 8896K, reserved 1048576K
}
Event: 10.918 GC heap after
{Heap after GC invocations=20 (full 0):
 garbage-first heap   total reserved 6221824K, committed 81920K, used 28207K [0x0000000684400000, 0x0000000800000000)
  region size 4096K, 2 young (8192K), 2 survivors (8192K)
 Metaspace       used 62986K, committed 63680K, reserved 1114112K
  class space    used 8599K, committed 8896K, reserved 1048576K
}
Event: 11.521 GC heap before
{Heap before GC invocations=20 (full 0):
 garbage-first heap   total reserved 6221824K, committed 81920K, used 65071K [0x0000000684400000, 0x0000000800000000)
  region size 4096K, 11 young (45056K), 2 survivors (8192K)
 Metaspace       used 65272K, committed 65984K, reserved 1114112K
  class space    used 8900K, committed 9216K, reserved 1048576K
}
Event: 11.531 GC heap after
{Heap after GC invocations=21 (full 0):
 garbage-first heap   total reserved 6221824K, committed 237568K, used 30482K [0x0000000684400000, 0x0000000800000000)
  region size 4096K, 2 young (8192K), 2 survivors (8192K)
 Metaspace       used 65272K, committed 65984K, reserved 1114112K
  class space    used 8900K, committed 9216K, reserved 1048576K
}

Dll operation events (14 events):
Event: 0.045 Loaded shared library C:\Program Files\Java\jdk-22\bin\java.dll
Event: 0.133 Loaded shared library C:\Program Files\Java\jdk-22\bin\jsvml.dll
Event: 0.499 Loaded shared library C:\Program Files\Java\jdk-22\bin\zip.dll
Event: 0.513 Loaded shared library C:\Program Files\Java\jdk-22\bin\instrument.dll
Event: 0.524 Loaded shared library C:\Program Files\Java\jdk-22\bin\net.dll
Event: 0.528 Loaded shared library C:\Program Files\Java\jdk-22\bin\nio.dll
Event: 0.533 Loaded shared library C:\Program Files\Java\jdk-22\bin\zip.dll
Event: 0.827 Loaded shared library C:\Program Files\Java\jdk-22\bin\jimage.dll
Event: 0.915 Loaded shared library C:\Program Files\Java\jdk-22\bin\verify.dll
Event: 2.552 Loaded shared library C:\Program Files\Java\jdk-22\bin\le.dll
Event: 3.812 Loaded shared library C:\Program Files\Java\jdk-22\bin\sunmscapi.dll
Event: 6.417 Loaded shared library C:\Program Files\Java\jdk-22\bin\management.dll
Event: 6.420 Loaded shared library C:\Program Files\Java\jdk-22\bin\management_ext.dll
Event: 7.984 Loaded shared library C:\Program Files\Java\jdk-22\bin\extnet.dll

Deoptimization events (20 events):
Event: 72.354 Thread 0x0000023bd43df6c0 DEOPT PACKING pc=0x0000023beb0c5394 sp=0x0000007257dfc010
Event: 72.354 Thread 0x0000023bd43df6c0 DEOPT UNPACKING pc=0x0000023bf2054e42 sp=0x0000007257dfb4b0 mode 0
Event: 76.193 Thread 0x0000023bd43df6c0 DEOPT PACKING pc=0x0000023bf26ddc4c sp=0x0000007257dfc070
Event: 76.194 Thread 0x0000023bd43df6c0 DEOPT UNPACKING pc=0x0000023bf2054e42 sp=0x0000007257dfb468 mode 0
Event: 84.366 Thread 0x0000023bd43e03e0 Uncommon trap: trap_request=0xffffff45 fr.pc=0x0000023bf26f39e4 relative=0x00000000000001c4
Event: 84.366 Thread 0x0000023bd43e03e0 Uncommon trap: reason=unstable_if action=reinterpret pc=0x0000023bf26f39e4 method=java.lang.StringLatin1.indexOf([B[B)I @ 9 c2
Event: 84.366 Thread 0x0000023bd43e03e0 DEOPT PACKING pc=0x0000023bf26f39e4 sp=0x0000007257efd900
Event: 84.366 Thread 0x0000023bd43e03e0 DEOPT UNPACKING pc=0x0000023bf20546a2 sp=0x0000007257efd890 mode 2
Event: 114.698 Thread 0x0000023bd43e03e0 DEOPT PACKING pc=0x0000023beb5e9774 sp=0x0000007257efb9c0
Event: 114.698 Thread 0x0000023bd43e03e0 DEOPT UNPACKING pc=0x0000023bf2054e42 sp=0x0000007257efae70 mode 0
Event: 122.560 Thread 0x0000023bd43e03e0 DEOPT PACKING pc=0x0000023beb0c5394 sp=0x0000007257efba20
Event: 122.560 Thread 0x0000023bd43e03e0 DEOPT UNPACKING pc=0x0000023bf2054e42 sp=0x0000007257efaec0 mode 0
Event: 122.560 Thread 0x0000023bd43e03e0 DEOPT PACKING pc=0x0000023bf26ddc4c sp=0x0000007257efba80
Event: 122.560 Thread 0x0000023bd43e03e0 DEOPT UNPACKING pc=0x0000023bf2054e42 sp=0x0000007257efae78 mode 0
Event: 205.275 Thread 0x0000023bd43dfd50 DEOPT PACKING pc=0x0000023beb5e9774 sp=0x00000072580fba30
Event: 205.275 Thread 0x0000023bd43dfd50 DEOPT UNPACKING pc=0x0000023bf2054e42 sp=0x00000072580faed8 mode 0
Event: 205.301 Thread 0x0000023bcb25a820 Uncommon trap: trap_request=0xffffff45 fr.pc=0x0000023bf296005c relative=0x000000000000013c
Event: 205.301 Thread 0x0000023bcb25a820 Uncommon trap: reason=unstable_if action=reinterpret pc=0x0000023bf296005c method=sun.instrument.InstrumentationImpl.transform(Ljava/lang/Module;Ljava/lang/ClassLoader;Ljava/lang/String;Ljava/lang/Class;Ljava/security/ProtectionDomain;[BZ)[B @ 24 c2
Event: 205.301 Thread 0x0000023bcb25a820 DEOPT PACKING pc=0x0000023bf296005c sp=0x00000072567fea20
Event: 205.301 Thread 0x0000023bcb25a820 DEOPT UNPACKING pc=0x0000023bf20546a2 sp=0x00000072567fe9a8 mode 2

Classes loaded (20 events):
Event: 17.269 Loading class java/lang/invoke/ConstantBootstraps
Event: 17.269 Loading class java/lang/invoke/ConstantBootstraps done
Event: 17.436 Loading class java/util/zip/DeflaterOutputStream
Event: 17.436 Loading class java/util/zip/DeflaterOutputStream done
Event: 17.437 Loading class java/util/zip/GZIPInputStream
Event: 17.438 Loading class java/util/zip/GZIPInputStream done
Event: 17.438 Loading class java/util/zip/GZIPOutputStream
Event: 17.439 Loading class java/util/zip/GZIPOutputStream done
Event: 51.373 Loading class java/time/format/DateTimeFormatterBuilder$ZoneTextPrinterParser
Event: 51.374 Loading class java/time/format/DateTimeFormatterBuilder$ZoneTextPrinterParser done
Event: 51.375 Loading class java/time/format/DateTimeFormatterBuilder$ReducedPrinterParser
Event: 51.375 Loading class java/time/format/DateTimeFormatterBuilder$ReducedPrinterParser done
Event: 76.214 Loading class java/util/stream/LongStream
Event: 76.215 Loading class java/util/stream/LongStream done
Event: 76.215 Loading class java/util/stream/DoubleStream
Event: 76.215 Loading class java/util/stream/DoubleStream done
Event: 76.242 Loading class org/w3c/dom/Node
Event: 76.243 Loading class org/w3c/dom/Node done
Event: 76.243 Loading class org/w3c/dom/Document
Event: 76.243 Loading class org/w3c/dom/Document done

Classes unloaded (0 events):
No events

Classes redefined (1 events):
Event: 205.330 Thread 0x0000023bfdff5440 redefined class name=com.bankeasy.bankeasy.controller.AccountController, count=1

Internal exceptions (20 events):
Event: 10.379 Thread 0x0000023be279d7a0 Implicit null exception at 0x0000023bf2a1481a to 0x0000023bf2a14858
Event: 10.412 Thread 0x0000023be279d7a0 Exception <a 'java/lang/IncompatibleClassChangeError'{0x000000068f9f28c0}: Found class java.lang.Object, but interface was expected> (0x000000068f9f28c0) 
thrown [s\open\src\hotspot\share\interpreter\linkResolver.cpp, line 841]
Event: 10.424 Thread 0x0000023be279d7a0 Exception <a 'java/lang/IncompatibleClassChangeError'{0x000000068fa9afe0}: Found class java.lang.Object, but interface was expected> (0x000000068fa9afe0) 
thrown [s\open\src\hotspot\share\interpreter\linkResolver.cpp, line 841]
Event: 10.476 Thread 0x0000023be279d7a0 Exception <a 'java/lang/IncompatibleClassChangeError'{0x000000068f6469d0}: Found class java.lang.Object, but interface was expected> (0x000000068f6469d0) 
thrown [s\open\src\hotspot\share\interpreter\linkResolver.cpp, line 841]
Event: 10.718 Thread 0x0000023be279d7a0 Exception <a 'java/lang/IncompatibleClassChangeError'{0x000000068792dcd0}: Found class java.lang.Object, but interface was expected> (0x000000068792dcd0) 
thrown [s\open\src\hotspot\share\interpreter\linkResolver.cpp, line 841]
Event: 10.842 Thread 0x0000023be279d7a0 Exception <a 'java/lang/IncompatibleClassChangeError'{0x00000006877443b0}: Found class java.lang.Object, but interface was expected> (0x00000006877443b0) 
thrown [s\open\src\hotspot\share\interpreter\linkResolver.cpp, line 841]
Event: 11.073 Thread 0x0000023be279d7a0 Exception <a 'sun/nio/fs/WindowsException'{0x000000068fbb6840}> (0x000000068fbb6840) 
thrown [s\open\src\hotspot\share\prims\jni.cpp, line 520]
Event: 11.173 Thread 0x0000023be279d7a0 Implicit null exception at 0x0000023bf288e41b to 0x0000023bf2890f61
Event: 11.211 Thread 0x0000023be279d7a0 Exception <a 'java/lang/NoSuchMethodError'{0x00000006886d39c0}: 'java.lang.Object java.lang.invoke.DirectMethodHandle$Holder.newInvokeSpecial(java.lang.Object, java.lang.Object, java.lang.Object, java.lang.Object, java.lang.Object, java.lang.Object, java.lang.Object, java.lang.Object)'> (0x00000006886d39c0) 
thrown [s\open\src\hotspot\share\interpreter\linkResolver.cpp, line 774]
Event: 11.686 Thread 0x0000023be279d7a0 Exception <a 'java/lang/IncompatibleClassChangeError'{0x0000000692050288}: Found class java.lang.Object, but interface was expected> (0x0000000692050288) 
thrown [s\open\src\hotspot\share\interpreter\linkResolver.cpp, line 841]
Event: 11.898 Thread 0x0000023be279d7a0 Exception <a 'java/lang/NoSuchMethodError'{0x0000000691884948}: 'java.lang.Object java.lang.invoke.DirectMethodHandle$Holder.invokeInterface(java.lang.Object, java.lang.Object, java.lang.Object, java.lang.Object)'> (0x0000000691884948) 
thrown [s\open\src\hotspot\share\interpreter\linkResolver.cpp, line 774]
Event: 11.991 Thread 0x0000023be279d7a0 Exception <a 'java/lang/NoSuchMethodError'{0x0000000691ba73a8}: 'void java.lang.invoke.DirectMethodHandle$Holder.invokeVirtual(java.lang.Object, java.lang.Object, long)'> (0x0000000691ba73a8) 
thrown [s\open\src\hotspot\share\interpreter\linkResolver.cpp, line 774]
Event: 12.012 Thread 0x0000023be279d7a0 Exception <a 'java/lang/NoSuchMethodError'{0x00000006914fd6c8}: 'java.lang.Object java.lang.invoke.DirectMethodHandle$Holder.invokeSpecial(java.lang.Object, java.lang.Object, int, int, int, int)'> (0x00000006914fd6c8) 
thrown [s\open\src\hotspot\share\interpreter\linkResolver.cpp, line 774]
Event: 12.124 Thread 0x0000023be279d7a0 Implicit null exception at 0x0000023bf288aa2f to 0x0000023bf288b194
Event: 12.151 Thread 0x0000023be279d7a0 Exception <a 'java/lang/IncompatibleClassChangeError'{0x0000000690cc4ac8}: Found class java.lang.Object, but interface was expected> (0x0000000690cc4ac8) 
thrown [s\open\src\hotspot\share\interpreter\linkResolver.cpp, line 841]
Event: 12.273 Thread 0x0000023be279d7a0 Exception <a 'java/lang/NoSuchMethodError'{0x0000000690acb1f8}: 'java.lang.Object java.lang.invoke.DirectMethodHandle$Holder.newInvokeSpecial(java.lang.Object, java.lang.Object, int, java.lang.Object, java.lang.Object)'> (0x0000000690acb1f8) 
thrown [s\open\src\hotspot\share\interpreter\linkResolver.cpp, line 774]
Event: 17.313 Thread 0x0000023bd43df6c0 Exception <a 'java/lang/NoSuchMethodError'{0x0000000690556678}: 'java.lang.Object java.lang.invoke.DirectMethodHandle$Holder.invokeSpecial(java.lang.Object, java.lang.Object, java.lang.Object, java.lang.Object, java.lang.Object, long)'> (0x0000000690556678) 
thrown [s\open\src\hotspot\share\interpreter\linkResolver.cpp, line 774]
Event: 17.313 Thread 0x0000023bd43df6c0 Exception <a 'java/lang/NoSuchMethodError'{0x0000000690559e48}: 'java.lang.Object java.lang.invoke.Invokers$Holder.linkToTargetMethod(java.lang.Object, java.lang.Object, java.lang.Object, long, java.lang.Object)'> (0x0000000690559e48) 
thrown [s\open\src\hotspot\share\interpreter\linkResolver.cpp, line 774]
Event: 34.722 Thread 0x0000023bd43df6c0 Exception <a 'java/lang/NoSuchMethodError'{0x000000068eab24f0}: 'java.lang.Object java.lang.invoke.DirectMethodHandle$Holder.invokeInterface(java.lang.Object, java.lang.Object, java.lang.Object, java.lang.Object, java.lang.Object)'> (0x000000068eab24f0) 
thrown [s\open\src\hotspot\share\interpreter\linkResolver.cpp, line 774]
Event: 35.164 Thread 0x0000023bd43df6c0 Exception <a 'java/lang/NoSuchMethodError'{0x000000068eb92320}: 'void java.lang.invoke.DirectMethodHandle$Holder.invokeSpecialIFC(java.lang.Object, java.lang.Object, int, java.lang.Object, java.lang.Object, java.lang.Object, java.lang.Object)'> (0x000000068eb92320) 
thrown [s\open\src\hotspot\share\interpreter\linkResolver.cpp, line 774]

ZGC Phase Switch (0 events):
No events

VM Operations (20 events):
Event: 192.956 Executing VM operation: get/set locals
Event: 192.956 Executing VM operation: get/set locals done
Event: 192.957 Executing VM operation: get/set locals
Event: 192.957 Executing VM operation: get/set locals done
Event: 192.959 Executing VM operation: get/set locals
Event: 192.959 Executing VM operation: get/set locals done
Event: 192.961 Executing VM operation: get/set locals
Event: 192.961 Executing VM operation: get/set locals done
Event: 201.044 Executing VM operation: Cleanup
Event: 201.044 Executing VM operation: Cleanup done
Event: 205.275 Executing VM operation: ChangeSingleStep
Event: 205.275 Executing VM operation: ChangeSingleStep done
Event: 205.275 Executing VM operation: ChangeSingleStep
Event: 205.275 Executing VM operation: ChangeSingleStep done
Event: 205.309 Executing VM operation: RedefineClasses
Event: 205.366 Executing VM operation: RedefineClasses done
Event: 205.403 Executing VM operation: ChangeBreakpoints
Event: 205.406 Executing VM operation: ChangeBreakpoints done
Event: 205.444 Executing VM operation: ChangeSingleStep
Event: 205.444 Executing VM operation: ChangeSingleStep done

Events (20 events):
Event: 12.287 Thread 0x0000023bd43df030 Thread added: 0x0000023bd43df030
Event: 12.287 Thread 0x0000023bd43df6c0 Thread added: 0x0000023bd43df6c0
Event: 12.288 Thread 0x0000023bd43e03e0 Thread added: 0x0000023bd43e03e0
Event: 12.288 Thread 0x0000023bd43e0a70 Thread added: 0x0000023bd43e0a70
Event: 12.288 Thread 0x0000023bd43dfd50 Thread added: 0x0000023bd43dfd50
Event: 12.288 Thread 0x0000023bd43de9a0 Thread added: 0x0000023bd43de9a0
Event: 12.288 Thread 0x0000023bd43e1e20 Thread added: 0x0000023bd43e1e20
Event: 12.288 Thread 0x0000023bd43e2b40 Thread added: 0x0000023bd43e2b40
Event: 12.288 Thread 0x0000023bd43e24b0 Thread added: 0x0000023bd43e24b0
Event: 12.308 Thread 0x0000023bd43e31d0 Thread added: 0x0000023bd43e31d0
Event: 12.311 Thread 0x0000023bd43e3ef0 Thread added: 0x0000023bd43e3ef0
Event: 12.348 Thread 0x0000023be279d7a0 Thread exited: 0x0000023be279d7a0
Event: 12.348 Thread 0x0000023bd43e4580 Thread added: 0x0000023bd43e4580
Event: 14.251 Thread 0x0000023bce13a000 Thread exited: 0x0000023bce13a000
Event: 17.271 Thread 0x0000023bcbdaeaf0 Thread exited: 0x0000023bcbdaeaf0
Event: 17.283 Thread 0x0000023bcb292610 Thread exited: 0x0000023bcb292610
Event: 17.405 Thread 0x0000023bd313e910 Thread added: 0x0000023bd313e910
Event: 17.548 Thread 0x0000023bd2ed8de0 Thread added: 0x0000023bd2ed8de0
Event: 22.651 Thread 0x0000023bd2ed8de0 Thread exited: 0x0000023bd2ed8de0
Event: 23.011 Thread 0x0000023bd313e910 Thread exited: 0x0000023bd313e910


Dynamic libraries:
0x00007ff6bb870000 - 0x00007ff6bb880000 	C:\Program Files\Java\jdk-22\bin\javaw.exe
0x00007ffa82830000 - 0x00007ffa82a47000 	C:\Windows\SYSTEM32\ntdll.dll
0x00007ffa81000000 - 0x00007ffa810c4000 	C:\Windows\System32\KERNEL32.DLL
0x00007ffa7fee0000 - 0x00007ffa8028d000 	C:\Windows\System32\KERNELBASE.dll
0x00007ffa803d0000 - 0x00007ffa804e1000 	C:\Windows\System32\ucrtbase.dll
0x00007ffa4e8d0000 - 0x00007ffa4e8e7000 	C:\Program Files\Java\jdk-22\bin\jli.dll
0x00007ffa80d70000 - 0x00007ffa80e22000 	C:\Windows\System32\ADVAPI32.dll
0x00007ffa82160000 - 0x00007ffa82207000 	C:\Windows\System32\msvcrt.dll
0x00007ffa80f50000 - 0x00007ffa80ff9000 	C:\Windows\System32\sechost.dll
0x00007ffa7fc70000 - 0x00007ffa7fc98000 	C:\Windows\System32\bcrypt.dll
0x00007ffa80e30000 - 0x00007ffa80f44000 	C:\Windows\System32\RPCRT4.dll
0x00007ffa81f20000 - 0x00007ffa820ce000 	C:\Windows\System32\USER32.dll
0x00007ffa7fd40000 - 0x00007ffa7fd66000 	C:\Windows\System32\win32u.dll
0x00007ffa81c90000 - 0x00007ffa81cb9000 	C:\Windows\System32\GDI32.dll
0x00007ffa7fb50000 - 0x00007ffa7fc69000 	C:\Windows\System32\gdi32full.dll
0x00007ffa7fca0000 - 0x00007ffa7fd3a000 	C:\Windows\System32\msvcp_win.dll
0x00007ffa4e8b0000 - 0x00007ffa4e8cb000 	C:\Program Files\Java\jdk-22\bin\VCRUNTIME140.dll
0x00007ffa66f30000 - 0x00007ffa671c3000 	C:\Windows\WinSxS\amd64_microsoft.windows.common-controls_6595b64144ccf1df_6.0.22621.3672_none_2713b9d173822955\COMCTL32.dll
0x00007ffa62590000 - 0x00007ffa6259a000 	C:\Windows\SYSTEM32\VERSION.dll
0x00007ffa81cc0000 - 0x00007ffa81cf1000 	C:\Windows\System32\IMM32.DLL
0x00007ffa640f0000 - 0x00007ffa640fc000 	C:\Program Files\Java\jdk-22\bin\vcruntime140_1.dll
0x00007ffa0e570000 - 0x00007ffa0e5fe000 	C:\Program Files\Java\jdk-22\bin\msvcp140.dll
0x00007ff9f4000000 - 0x00007ff9f4d47000 	C:\Program Files\Java\jdk-22\bin\server\jvm.dll
0x00007ffa812a0000 - 0x00007ffa81311000 	C:\Windows\System32\WS2_32.dll
0x00007ffa7e9c0000 - 0x00007ffa7ea0d000 	C:\Windows\SYSTEM32\POWRPROF.dll
0x00007ffa75b90000 - 0x00007ffa75bc4000 	C:\Windows\SYSTEM32\WINMM.dll
0x00007ffa7e9a0000 - 0x00007ffa7e9b3000 	C:\Windows\SYSTEM32\UMPDC.dll
0x00007ffa7ebf0000 - 0x00007ffa7ec08000 	C:\Windows\SYSTEM32\kernel.appcore.dll
0x00007ffa77080000 - 0x00007ffa7708a000 	C:\Program Files\Java\jdk-22\bin\jimage.dll
0x00007ffa7d490000 - 0x00007ffa7d6c2000 	C:\Windows\SYSTEM32\DBGHELP.DLL
0x00007ffa80560000 - 0x00007ffa808ee000 	C:\Windows\System32\combase.dll
0x00007ffa808f0000 - 0x00007ffa809c7000 	C:\Windows\System32\OLEAUT32.dll
0x00007ffa5dcf0000 - 0x00007ffa5dd22000 	C:\Windows\SYSTEM32\dbgcore.DLL
0x00007ffa80290000 - 0x00007ffa8030b000 	C:\Windows\System32\bcryptPrimitives.dll
0x00007ffa278e0000 - 0x00007ffa2791c000 	C:\Program Files\Java\jdk-22\bin\jdwp.dll
0x00007ffa6f4e0000 - 0x00007ffa6f4ef000 	C:\Program Files\Java\jdk-22\bin\instrument.dll
0x00007ffa75020000 - 0x00007ffa7503e000 	C:\Program Files\Java\jdk-22\bin\java.dll
0x00007ffa81320000 - 0x00007ffa81b87000 	C:\Windows\System32\SHELL32.dll
0x00007ffa80b40000 - 0x00007ffa80ce5000 	C:\Windows\System32\ole32.dll
0x00007ffa7da90000 - 0x00007ffa7e38f000 	C:\Windows\SYSTEM32\windows.storage.dll
0x00007ffa7d950000 - 0x00007ffa7da8f000 	C:\Windows\SYSTEM32\wintypes.dll
0x00007ffa81b90000 - 0x00007ffa81c89000 	C:\Windows\System32\SHCORE.dll
0x00007ffa81d00000 - 0x00007ffa81d5e000 	C:\Windows\System32\shlwapi.dll
0x00007ffa7fa80000 - 0x00007ffa7faa7000 	C:\Windows\SYSTEM32\profapi.dll
0x00007ffa43400000 - 0x00007ffa434d7000 	C:\Program Files\Java\jdk-22\bin\jsvml.dll
0x00007ffa701d0000 - 0x00007ffa701dc000 	C:\Program Files\Java\jdk-22\bin\dt_socket.dll
0x00007ffa7e660000 - 0x00007ffa7e68d000 	C:\Windows\SYSTEM32\IPHLPAPI.DLL
0x00007ffa7f0b0000 - 0x00007ffa7f119000 	C:\Windows\system32\mswsock.dll
0x00007ffa7e6d0000 - 0x00007ffa7e7c8000 	C:\Windows\SYSTEM32\DNSAPI.dll
0x00007ffa81290000 - 0x00007ffa81299000 	C:\Windows\System32\NSI.dll
0x0000000054040000 - 0x0000000054066000 	C:\Program Files\Bonjour\mdnsNSP.dll
0x00007ffa73620000 - 0x00007ffa7362a000 	C:\Windows\System32\rasadhlp.dll
0x00007ffa75230000 - 0x00007ffa752b3000 	C:\Windows\System32\fwpuclnt.dll
0x00007ffa70a80000 - 0x00007ffa70a97000 	C:\Program Files\Java\jdk-22\bin\zip.dll
0x00007ffa75010000 - 0x00007ffa75020000 	C:\Program Files\Java\jdk-22\bin\net.dll
0x00007ffa70fe0000 - 0x00007ffa70ff6000 	C:\Program Files\Java\jdk-22\bin\nio.dll
0x00007ffa70fd0000 - 0x00007ffa70fe0000 	C:\Program Files\Java\jdk-22\bin\verify.dll
0x00007ffa6e370000 - 0x00007ffa6e37b000 	C:\Program Files\Java\jdk-22\bin\le.dll
0x00007ffa701c0000 - 0x00007ffa701ce000 	C:\Program Files\Java\jdk-22\bin\sunmscapi.dll
0x00007ffa7fd70000 - 0x00007ffa7fed6000 	C:\Windows\System32\CRYPT32.dll
0x00007ffa7f510000 - 0x00007ffa7f53e000 	C:\Windows\SYSTEM32\ncrypt.dll
0x00007ffa7f4d0000 - 0x00007ffa7f507000 	C:\Windows\SYSTEM32\NTASN1.dll
0x00007ffa7f400000 - 0x00007ffa7f41b000 	C:\Windows\SYSTEM32\CRYPTSP.dll
0x00007ffa7ebb0000 - 0x00007ffa7ebe5000 	C:\Windows\system32\rsaenh.dll
0x00007ffa7f150000 - 0x00007ffa7f178000 	C:\Windows\SYSTEM32\USERENV.dll
0x00007ffa7f3e0000 - 0x00007ffa7f3ec000 	C:\Windows\SYSTEM32\CRYPTBASE.dll
0x00007ffa6e360000 - 0x00007ffa6e36a000 	C:\Program Files\Java\jdk-22\bin\management.dll
0x00007ffa6e300000 - 0x00007ffa6e30b000 	C:\Program Files\Java\jdk-22\bin\management_ext.dll
0x00007ffa809d0000 - 0x00007ffa809d8000 	C:\Windows\System32\PSAPI.DLL
0x00007ffa6f990000 - 0x00007ffa6f999000 	C:\Program Files\Java\jdk-22\bin\extnet.dll
0x00007ffa5b010000 - 0x00007ffa5b018000 	C:\Windows\system32\wshunix.dll

dbghelp: loaded successfully - version: 4.0.5 - missing functions: none
symbol engine: initialized successfully - sym options: 0x614 - pdb path: .;C:\Program Files\Java\jdk-22\bin;C:\Windows\SYSTEM32;C:\Windows\WinSxS\amd64_microsoft.windows.common-controls_6595b64144ccf1df_6.0.22621.3672_none_2713b9d173822955;C:\Program Files\Java\jdk-22\bin\server;C:\Program Files\Bonjour

VM Arguments:
jvm_args: -XX:+ShowCodeDetailsInExceptionMessages -agentlib:jdwp=transport=dt_socket,suspend=y,address=localhost:62525 -javaagent:C:\Users\Nikita-PC\eclipse\java-2024-06\eclipse\configuration\org.eclipse.osgi\251\0\.cp\lib\javaagent-shaded.jar -Dfile.encoding=UTF-8 -Dstdout.encoding=UTF-8 -Dstderr.encoding=UTF-8 
java_command: com.bankeasy.bankeasy.BankeasyApplication
java_class_path (initial): C:\Users\Nikita-PC\Desktop\Bank\BankEasy\target\classes;C:\Users\Nikita-PC\.m2\repository\org\springframework\boot\spring-boot-starter-data-jpa\3.3.2\spring-boot-starter-data-jpa-3.3.2.jar;C:\Users\Nikita-PC\.m2\repository\org\springframework\boot\spring-boot-starter-aop\3.3.2\spring-boot-starter-aop-3.3.2.jar;C:\Users\Nikita-PC\.m2\repository\org\aspectj\aspectjweaver\1.9.22.1\aspectjweaver-1.9.22.1.jar;C:\Users\Nikita-PC\.m2\repository\org\springframework\boot\spring-boot-starter-jdbc\3.3.2\spring-boot-starter-jdbc-3.3.2.jar;C:\Users\Nikita-PC\.m2\repository\com\zaxxer\HikariCP\5.1.0\HikariCP-5.1.0.jar;C:\Users\Nikita-PC\.m2\repository\org\springframework\spring-jdbc\6.1.11\spring-jdbc-6.1.11.jar;C:\Users\Nikita-PC\.m2\repository\org\hibernate\orm\hibernate-core\6.5.2.Final\hibernate-core-6.5.2.Final.jar;C:\Users\Nikita-PC\.m2\repository\jakarta\persistence\jakarta.persistence-api\3.1.0\jakarta.persistence-api-3.1.0.jar;C:\Users\Nikita-PC\.m2\repository\jakarta\transaction\jakarta.transaction-api\2.0.1\jakarta.transaction-api-2.0.1.jar;C:\Users\Nikita-PC\.m2\repository\org\jboss\logging\jboss-logging\3.5.3.Final\jboss-logging-3.5.3.Final.jar;C:\Users\Nikita-PC\.m2\repository\org\hibernate\common\hibernate-commons-annotations\6.0.6.Final\hibernate-commons-annotations-6.0.6.Final.jar;C:\Users\Nikita-PC\.m2\repository\io\smallrye\jandex\3.1.2\jandex-3.1.2.jar;C:\Users\Nikita-PC\.m2\repository\com\fasterxml\classmate\1.7.0\classmate-1.7.0.jar;C:\Users\Nikita-PC\.m2\repository\net\bytebuddy\byte-buddy\1.14.18\byte-buddy-1.14.18.jar;C:\Users\Nikita-PC\.m2\repository\org\glassfish\jaxb\jaxb-runtime\4.0.5\jaxb-runtime-4.0.5.jar;C:\Users\Nikita-PC\.m2\repository\org\glassfish\jaxb\jaxb-core\4.0.5\jaxb-core-4.0.5.jar;C:\Users\Nikita-PC\.m2\repository\org\eclipse\angus\angus-activation\2.0.2\angus-activation-2.0.2.jar;C:\Users\Nikita-PC\.m2\repository\org\glassfish\jaxb\txw2\4.0.5\txw2-4.0.5.jar;C:\Users\Nikita-PC\.m2\repository\com\sun\istack\istack-commons-runtime\4.1.2\istack-commons-runtime-4.1.2.jar;C:\Users\Nikita-PC\.m2\repository\jakarta\inject\jakarta.inject-api\2.0.1\jakarta.inject-api-2.0.1.jar;C:\Users\Nikita-PC\.m2\repository\org\antlr\antlr4-runtime\4.13.0\antlr4-runtime-4.13.0.jar;C:\Users\Nikita-PC\.m2\repository\org\springframework\data\spring-data-jpa\3.3.2\spring-data-jpa-3.3.2.jar;C:\Users\Nikita-PC\.m2\repository\org\springframework\data\spring-data-commons\3.3.2\spring-data-commons-3.3.2.jar;C:\Users\Nikita-PC\.m2\repository\org\springframework\spring-orm\6.1.11\spring-orm-6.1.11.jar;C:\Users\Nikita-PC\.m2\repository\org\springframework\spring-context\6.1.11\spring-context-6.1.11.jar;C:\Users\Nikita-PC\.m2\repository\org\springframework\spring-tx\6.1.11\spring-tx-6.1.11.jar;C:\Users\Nikita-PC\.m2\repository\org\springframework\spring-beans\6.1.11\spring-beans-6.1.11.jar;C:\Users\Nikita-PC\.m2\repository\jakarta\annotation\jakarta.annotation-api\2.1.1\jakarta.annotation-api-2.1.1.jar;C:\Users\Nikita-PC\.m2\repository\org\slf4j\slf4j-api\2.0.13\slf4j-api-2.0.13.jar;C:\Users\Nikita-PC\.m2\repository\org\springframework\spring-aspects\6.1.11\spring-aspects-6.1.11.jar;C:\Users\Nikita-PC\.m2\repository\org\springframework\boot\spring-boot-starter-oauth2-resource-server\3.3.2\spring-boot-starter-oauth2-resource-server-3.3.2.jar;C:\Users\Nikita-PC\.m2\repository\org\springframework\boot\spring-boot-starter\3.3.2\spring-boot-starter-3.3.2.jar;C:\Users\Nikita-PC\.m2\repository\org\springframework\boot\spring-boot\3.3.2\spring-boot-3.3.2.jar;C:\Users\Nikita-PC\.m2\repository\org\springframework\boot\spring-boot-autoconfigure\3.3.2\spring-boot-autoconfigure-3.3.2.jar;C:\Users\Nikita-PC\.m2\repository\org\springframework\boot\spring-boot-starter-logging\3.3.2\spring-boot-starter-logging-3.3.2.jar;C:\Users\Nikita-PC\.m2\repository\ch\qos\logback\logback-classic\1.5.6\logback-classic-1.5.6.jar;C:\Users\Nikita-PC\.m2\repository\ch\qos\logback\logback-core\1.5.6\logback-core-1.5.6.jar;C:\Users\Nikita-PC\.m2\repository\org\apache\logging\log4j\log4j-to-slf4j\2.23.1\log4j-to-slf4j-2.23.1.jar;C:\Users\Nikita-PC\.m2\repository\org\apache\logging\log4j\log4j-api\2.23.1\log4j-api-2.23.1.jar;C:\Users\Nikita-PC\.m2\repository\org\slf4j\jul-to-slf4j\2.0.13\jul-to-slf4j-2.0.13.jar;C:\Users\Nikita-PC\.m2\repository\org\yaml\snakeyaml\2.2\snakeyaml-2.2.jar;C:\Users\Nikita-PC\.m2\repository\org\springframework\security\spring-security-config\6.3.1\spring-security-config-6.3.1.jar;C:\Users\Nikita-PC\.m2\repository\org\springframework\security\spring-security-core\6.3.1\spring-security-core-6.3.1.jar;C:\Users\Nikita-PC\.m2\repository\org\springframework\security\spring-security-crypto\6.3.1\spring-security-crypto-6.3.1.jar;C:\Users\Nikita-PC\.m2\repository\org\springframework\spring-expression\6.1.11\spring-expression-6.1.11.jar;C:\Users\Nikita-PC\.m2\repository\io\micrometer\micrometer-observation\1.13.2\micrometer-observation-1.13.2.jar;C:\Users\Nikita-PC\.m2\repository\io\micrometer\micrometer-commons\1.13.2\micrometer-commons-1.13.2.jar;C:\Users\Nikita-PC\.m2\repository\org\springframework\security\spring-security-oauth2-resource-server\6.3.1\spring-security-oauth2-resource-server-6.3.1.jar;C:\Users\Nikita-PC\.m2\repository\org\springframework\security\spring-security-oauth2-core\6.3.1\spring-security-oauth2-core-6.3.1.jar;C:\Users\Nikita-PC\.m2\repository\org\springframework\security\spring-security-oauth2-jose\6.3.1\spring-security-oauth2-jose-6.3.1.jar;C:\Users\Nikita-PC\.m2\repository\com\nimbusds\nimbus-jose-jwt\9.37.3\nimbus-jose-jwt-9.37.3.jar;C:\Users\Nikita-PC\.m2\repository\com\github\stephenc\jcip\jcip-annotations\1.0-1\jcip-annotations-1.0-1.jar;C:\Users\Nikita-PC\.m2\repository\org\springframework\boot\spring-boot-starter-security\3.3.2\spring-boot-starter-security-3.3.2.jar;C:\Users\Nikita-PC\.m2\repository\org\springframework\spring-aop\6.1.11\spring-aop-6.1.11.jar;C:\Users\Nikita-PC\.m2\repository\org\springframework\security\spring-security-web\6.3.1\spring-security-web-6.3.1.jar;C:\Users\Nikita-PC\.m2\repository\org\springframework\boot\spring-boot-starter-web\3.3.2\spring-boot-starter-web-3.3.2.jar;C:\Users\Nikita-PC\.m2\repository\org\springframework\boot\spring-boot-starter-json\3.3.2\spring-boot-starter-json-3.3.2.jar;C:\Users\Nikita-PC\.m2\repository\com\fasterxml\jackson\datatype\jackson-datatype-jdk8\2.17.2\jackson-datatype-jdk8-2.17.2.jar;C:\Users\Nikita-PC\.m2\repository\com\fasterxml\jackson\datatype\jackson-datatype-jsr310\2.17.2\jackson-datatype-jsr310-2.17.2.jar;C:\Users\Nikita-PC\.m2\repository\com\fasterxml\jackson\module\jackson-module-parameter-names\2.17.2\jackson-module-parameter-names-2.17.2.jar;C:\Users\Nikita-PC\.m2\repository\org\springframework\boot\spring-boot-starter-tomcat\3.3.2\spring-boot-starter-tomcat-3.3.2.jar;C:\Users\Nikita-PC\.m2\repository\org\apache\tomcat\embed\tomcat-embed-core\10.1.26\tomcat-embed-core-10.1.26.jar;C:\Users\Nikita-PC\.m2\repository\org\apache\tomcat\embed\tomcat-embed-websocket\10.1.26\tomcat-embed-websocket-10.1.26.jar;C:\Users\Nikita-PC\.m2\repository\org\springframework\spring-web\6.1.11\spring-web-6.1.11.jar;C:\Users\Nikita-PC\.m2\repository\org\springframework\spring-webmvc\6.1.11\spring-webmvc-6.1.11.jar;C:\Users\Nikita-PC\.m2\repository\org\postgresql\postgresql\42.7.3\postgresql-42.7.3.jar;C:\Users\Nikita-PC\.m2\repository\org\checkerframework\checker-qual\3.42.0\checker-qual-3.42.0.jar;C:\Users\Nikita-PC\.m2\repository\jakarta\xml\bind\jakarta.xml.bind-api\4.0.2\jakarta.xml.bind-api-4.0.2.jar;C:\Users\Nikita-PC\.m2\repository\jakarta\activation\jakarta.activation-api\2.1.3\jakarta.activation-api-2.1.3.jar;C:\Users\Nikita-PC\.m2\repository\org\springframework\spring-core\6.1.11\spring-core-6.1.11.jar;C:\Users\Nikita-PC\.m2\repository\org\springframework\spring-jcl\6.1.11\spring-jcl-6.1.11.jar;C:\Users\Nikita-PC\.m2\repository\io\jsonwebtoken\jjwt-api\0.11.5\jjwt-api-0.11.5.jar;C:\Users\Nikita-PC\.m2\repository\io\jsonwebtoken\jjwt-impl\0.11.5\jjwt-impl-0.11.5.jar;C:\Users\Nikita-PC\.m2\repository\io\jsonwebtoken\jjwt-jackson\0.11.5\jjwt-jackson-0.11.5.jar;C:\Users\Nikita-PC\.m2\repository\com\fasterxml\jackson\core\jackson-databind\2.17.2\jackson-databind-2.17.2.jar;C:\Users\Nikita-PC\.m2\repository\com\fasterxml\jackson\core\jackson-annotations\2.17.2\jackson-annotations-2.17.2.jar;C:\Users\Nikita-PC\.m2\repository\com\fasterxml\jackson\core\jackson-core\2.17.2\jackson-core-2.17.2.jar;C:\Users\Nikita-PC\.m2\repository\jakarta\validation\jakarta.validation-api\3.0.2\jakarta.validation-api-3.0.2.jar;C:\Users\Nikita-PC\.m2\repository\org\springframework\boot\spring-boot-starter-validation\3.3.2\spring-boot-starter-validation-3.3.2.jar;C:\Users\Nikita-PC\.m2\repository\org\apache\tomcat\embed\tomcat-embed-el\10.1.26\tomcat-embed-el-10.1.26.jar;C:\Users\Nikita-PC\.m2\repository\org\hibernate\validator\hibernate-validator\8.0.1.Final\hibernate-validator-8.0.1.Final.jar
Launcher Type: SUN_STANDARD

[Global flags]
     intx CICompilerCount                          = 4                                         {product} {ergonomic}
     uint ConcGCThreads                            = 2                                         {product} {ergonomic}
     uint G1ConcRefinementThreads                  = 8                                         {product} {ergonomic}
   size_t G1HeapRegionSize                         = 4194304                                   {product} {ergonomic}
   size_t InitialHeapSize                          = 398458880                                 {product} {ergonomic}
   size_t MarkStackSize                            = 4194304                                   {product} {ergonomic}
   size_t MaxHeapSize                              = 6371147776                                {product} {ergonomic}
   size_t MaxNewSize                               = 3821010944                                {product} {ergonomic}
   size_t MinHeapDeltaBytes                        = 4194304                                   {product} {ergonomic}
   size_t MinHeapSize                              = 8388608                                   {product} {ergonomic}
    uintx NonNMethodCodeHeapSize                   = 5839372                                {pd product} {ergonomic}
    uintx NonProfiledCodeHeapSize                  = 122909434                              {pd product} {ergonomic}
    uintx ProfiledCodeHeapSize                     = 122909434                              {pd product} {ergonomic}
    uintx ReservedCodeCacheSize                    = 251658240                              {pd product} {ergonomic}
     bool SegmentedCodeCache                       = true                                      {product} {ergonomic}
     bool ShowCodeDetailsInExceptionMessages       = true                                   {manageable} {command line}
   size_t SoftMaxHeapSize                          = 6371147776                             {manageable} {ergonomic}
     bool UseCompressedOops                        = true                           {product lp64_product} {ergonomic}
     bool UseG1GC                                  = true                                      {product} {ergonomic}
     bool UseLargePagesIndividualAllocation        = false                                  {pd product} {ergonomic}

Logging:
Log output configuration:
 #0: stdout all=warning uptime,level,tags foldmultilines=false
 #1: stderr all=off uptime,level,tags foldmultilines=false

Environment Variables:
PATH=C:/Program Files/Java/jdk-22/bin/server;C:/Program Files/Java/jdk-22/bin;C:\Program Files\Common Files\Oracle\Java\javapath;C:\Program Files\Git\cmd;C:\Program Files\nodejs\;C:\Program Files\PuTTY\;C:\Program Files (x86)\NoteBook FanControl\;C:\Users\Nikita-PC\AppData\Local\Microsoft\WindowsApps;;C:\Users\Nikita-PC\AppData\Local\Programs\Microsoft VS Code\bin;C:\Program Files\JetBrains\IntelliJ IDEA Community Edition 2023.2.2\bin;;C:\Users\Nikita-PC\AppData\Roaming\npm;C:\Users\Nikita-PC\Desktop;
USERNAME=Nikita-PC
OS=Windows_NT
PROCESSOR_IDENTIFIER=Intel64 Family 6 Model 154 Stepping 4, GenuineIntel
TMP=C:\Users\NIKITA~1\AppData\Local\Temp
TEMP=C:\Users\NIKITA~1\AppData\Local\Temp




Periodic native trim disabled

---------------  S Y S T E M  ---------------

OS:
 Windows 11 , 64 bit Build 22621 (10.0.22621.3958)
OS uptime: 2 days 17:59 hours
Hyper-V role detected

CPU: total 8 (initial active 8) (4 cores per cpu, 2 threads per core) family 6 model 154 stepping 4 microcode 0x424, cx8, cmov, fxsr, ht, mmx, 3dnowpref, sse, sse2, sse3, ssse3, sse4.1, sse4.2, popcnt, lzcnt, tsc, tscinvbit, avx, avx2, aes, erms, clmul, bmi1, bmi2, adx, sha, fma, vzeroupper, clflush, clflushopt, clwb, hv, serialize, rdtscp, rdpid, fsrm, f16c, cet_ibt, cet_ss
Processor Information for processor 0
  Max Mhz: 1200, Current Mhz: 1200, Mhz Limit: 1200
Processor Information for processor 1
  Max Mhz: 1200, Current Mhz: 1200, Mhz Limit: 1200
Processor Information for processor 2
  Max Mhz: 1200, Current Mhz: 1200, Mhz Limit: 1200
Processor Information for processor 3
  Max Mhz: 1200, Current Mhz: 1200, Mhz Limit: 1200
Processor Information for processor 4
  Max Mhz: 900, Current Mhz: 900, Mhz Limit: 900
Processor Information for processor 5
  Max Mhz: 900, Current Mhz: 900, Mhz Limit: 900
Processor Information for processor 6
  Max Mhz: 900, Current Mhz: 900, Mhz Limit: 900
Processor Information for processor 7
  Max Mhz: 900, Current Mhz: 900, Mhz Limit: 900

Memory: 4k page, system-wide physical 24300M (9160M free)
TotalPageFile size 31581M (AvailPageFile size 12675M)
current process WorkingSet (physical memory assigned to process): 344M, peak: 387M
current process commit charge ("private bytes"): 459M, peak: 579M

vm_info: Java HotSpot(TM) 64-Bit Server VM (22.0.1+8-16) for windows-amd64 JRE (22.0.1+8-16), built on 2024-03-12T10:33:16Z by "mach5one" with MS VC++ 17.6 (VS2022)

END.
